{
  "D:\\svn\\ang-cy-cov-example\\src\\polyfills.ts": {
    "path": "D:\\svn\\ang-cy-cov-example\\src\\polyfills.ts",
    "statementMap": {},
    "fnMap": {},
    "branchMap": {},
    "s": {},
    "f": {},
    "b": {},
    "inputSourceMap": {
      "version": 3,
      "file": "polyfills.js",
      "sourceRoot": "",
      "sources": [
        "D:\\svn\\ang-cy-cov-example\\src\\polyfills.ts"
      ],
      "names": [],
      "mappings": "AAAA;;;;;;;;;;;;;;GAcG;AAEH;;GAEG;AAEH,+EAA+E;AAC/E,oEAAoE;AAEpE;;;;GAIG;AACH,8EAA8E;AAE9E;;;;;;;;;;;;;;;;;;;;;;GAsBG;AAEH;;GAEG;AACH,OAAO,mBAAmB,CAAC,CAAE,6BAA6B;AAG1D;;GAEG",
      "sourcesContent": [
        "/**\r\n * This file includes polyfills needed by Angular and is loaded before the app.\r\n * You can add your own extra polyfills to this file.\r\n *\r\n * This file is divided into 2 sections:\r\n *   1. Browser polyfills. These are applied before loading ZoneJS and are sorted by browsers.\r\n *   2. Application imports. Files imported after ZoneJS that should be loaded before your main\r\n *      file.\r\n *\r\n * The current setup is for so-called \"evergreen\" browsers; the last versions of browsers that\r\n * automatically update themselves. This includes Safari >= 10, Chrome >= 55 (including Opera),\r\n * Edge >= 13 on the desktop, and iOS 10 and Chrome on mobile.\r\n *\r\n * Learn more in https://angular.io/guide/browser-support\r\n */\r\n\r\n/***************************************************************************************************\r\n * BROWSER POLYFILLS\r\n */\r\n\r\n/** IE10 and IE11 requires the following for NgClass support on SVG elements */\r\n// import 'classlist.js';  // Run `npm install --save classlist.js`.\r\n\r\n/**\r\n * Web Animations `@angular/platform-browser/animations`\r\n * Only required if AnimationBuilder is used within the application and using IE/Edge or Safari.\r\n * Standard animation support in Angular DOES NOT require any polyfills (as of Angular 6.0).\r\n */\r\n// import 'web-animations-js';  // Run `npm install --save web-animations-js`.\r\n\r\n/**\r\n * By default, zone.js will patch all possible macroTask and DomEvents\r\n * user can disable parts of macroTask/DomEvents patch by setting following flags\r\n * because those flags need to be set before `zone.js` being loaded, and webpack\r\n * will put import in the top of bundle, so user need to create a separate file\r\n * in this directory (for example: zone-flags.ts), and put the following flags\r\n * into that file, and then add the following code before importing zone.js.\r\n * import './zone-flags.ts';\r\n *\r\n * The flags allowed in zone-flags.ts are listed here.\r\n *\r\n * The following flags will work for all browsers.\r\n *\r\n * (window as any).__Zone_disable_requestAnimationFrame = true; // disable patch requestAnimationFrame\r\n * (window as any).__Zone_disable_on_property = true; // disable patch onProperty such as onclick\r\n * (window as any).__zone_symbol__UNPATCHED_EVENTS = ['scroll', 'mousemove']; // disable patch specified eventNames\r\n *\r\n *  in IE/Edge developer tools, the addEventListener will also be wrapped by zone.js\r\n *  with the following flag, it will bypass `zone.js` patch for IE/Edge\r\n *\r\n *  (window as any).__Zone_enable_cross_context_check = true;\r\n *\r\n */\r\n\r\n/***************************************************************************************************\r\n * Zone JS is required by default for Angular itself.\r\n */\r\nimport 'zone.js/dist/zone';  // Included with Angular CLI.\r\n\r\n\r\n/***************************************************************************************************\r\n * APPLICATION IMPORTS\r\n */\r\n"
      ]
    },
    "_coverageSchema": "332fd63041d2c1bcb487cc26dd0d5f7d97098a6c",
    "hash": "1713aee260eaa08450178eb8b2ef3b5ea74f8f4f"
  },
  "D:\\svn\\ang-cy-cov-example\\src\\environments\\environment.ts": {
    "path": "D:\\svn\\ang-cy-cov-example\\src\\environments\\environment.ts",
    "statementMap": {
      "0": {
        "start": {
          "line": 4,
          "column": 27
        },
        "end": {
          "line": 6,
          "column": 1
        }
      }
    },
    "fnMap": {},
    "branchMap": {},
    "s": {
      "0": 1
    },
    "f": {},
    "b": {},
    "inputSourceMap": {
      "version": 3,
      "file": "environment.js",
      "sourceRoot": "",
      "sources": [
        "D:\\svn\\ang-cy-cov-example\\src\\environments\\environment.ts"
      ],
      "names": [],
      "mappings": "AAAA,gFAAgF;AAChF,0EAA0E;AAC1E,gEAAgE;AAEhE,MAAM,CAAC,MAAM,WAAW,GAAG;IACzB,UAAU,EAAE,KAAK;CAClB,CAAC;AAEF;;;;;;GAMG;AACH,mEAAmE",
      "sourcesContent": [
        "// This file can be replaced during build by using the `fileReplacements` array.\r\n// `ng build --prod` replaces `environment.ts` with `environment.prod.ts`.\r\n// The list of file replacements can be found in `angular.json`.\r\n\r\nexport const environment = {\r\n  production: false\r\n};\r\n\r\n/*\r\n * For easier debugging in development mode, you can import the following file\r\n * to ignore zone related error stack frames such as `zone.run`, `zoneDelegate.invokeTask`.\r\n *\r\n * This import should be commented out in production mode because it will have a negative impact\r\n * on performance if an error is thrown.\r\n */\r\n// import 'zone.js/dist/zone-error';  // Included with Angular CLI.\r\n"
      ]
    },
    "_coverageSchema": "332fd63041d2c1bcb487cc26dd0d5f7d97098a6c",
    "hash": "4a8cc89f0c3ca1a6a23e82e077688f96b273b88a"
  },
  "D:\\svn\\ang-cy-cov-example\\src\\app\\app.component.ts": {
    "path": "D:\\svn\\ang-cy-cov-example\\src\\app\\app.component.ts",
    "statementMap": {
      "0": {
        "start": {
          "line": 4,
          "column": 49
        },
        "end": {
          "line": 8,
          "column": 1
        }
      },
      "1": {
        "start": {
          "line": 5,
          "column": 4
        },
        "end": {
          "line": 5,
          "column": 32
        }
      },
      "2": {
        "start": {
          "line": 6,
          "column": 4
        },
        "end": {
          "line": 6,
          "column": 46
        }
      },
      "3": {
        "start": {
          "line": 7,
          "column": 4
        },
        "end": {
          "line": 7,
          "column": 22
        }
      },
      "4": {
        "start": {
          "line": 9,
          "column": 49
        },
        "end": {
          "line": 13,
          "column": 1
        }
      },
      "5": {
        "start": {
          "line": 10,
          "column": 4
        },
        "end": {
          "line": 10,
          "column": 32
        }
      },
      "6": {
        "start": {
          "line": 11,
          "column": 4
        },
        "end": {
          "line": 11,
          "column": 45
        }
      },
      "7": {
        "start": {
          "line": 12,
          "column": 4
        },
        "end": {
          "line": 12,
          "column": 22
        }
      },
      "8": {
        "start": {
          "line": 14,
          "column": 49
        },
        "end": {
          "line": 18,
          "column": 1
        }
      },
      "9": {
        "start": {
          "line": 15,
          "column": 4
        },
        "end": {
          "line": 15,
          "column": 32
        }
      },
      "10": {
        "start": {
          "line": 16,
          "column": 4
        },
        "end": {
          "line": 16,
          "column": 33
        }
      },
      "11": {
        "start": {
          "line": 17,
          "column": 4
        },
        "end": {
          "line": 17,
          "column": 22
        }
      },
      "12": {
        "start": {
          "line": 19,
          "column": 49
        },
        "end": {
          "line": 23,
          "column": 1
        }
      },
      "13": {
        "start": {
          "line": 20,
          "column": 4
        },
        "end": {
          "line": 20,
          "column": 32
        }
      },
      "14": {
        "start": {
          "line": 21,
          "column": 4
        },
        "end": {
          "line": 21,
          "column": 28
        }
      },
      "15": {
        "start": {
          "line": 22,
          "column": 4
        },
        "end": {
          "line": 22,
          "column": 22
        }
      },
      "16": {
        "start": {
          "line": 24,
          "column": 49
        },
        "end": {
          "line": 28,
          "column": 1
        }
      },
      "17": {
        "start": {
          "line": 25,
          "column": 4
        },
        "end": {
          "line": 25,
          "column": 32
        }
      },
      "18": {
        "start": {
          "line": 26,
          "column": 4
        },
        "end": {
          "line": 26,
          "column": 36
        }
      },
      "19": {
        "start": {
          "line": 27,
          "column": 4
        },
        "end": {
          "line": 27,
          "column": 22
        }
      },
      "20": {
        "start": {
          "line": 31,
          "column": 8
        },
        "end": {
          "line": 31,
          "column": 42
        }
      },
      "21": {
        "start": {
          "line": 32,
          "column": 8
        },
        "end": {
          "line": 32,
          "column": 20
        }
      },
      "22": {
        "start": {
          "line": 33,
          "column": 8
        },
        "end": {
          "line": 33,
          "column": 29
        }
      },
      "23": {
        "start": {
          "line": 36,
          "column": 18
        },
        "end": {
          "line": 36,
          "column": 20
        }
      },
      "24": {
        "start": {
          "line": 39,
          "column": 18
        },
        "end": {
          "line": 39,
          "column": 20
        }
      },
      "25": {
        "start": {
          "line": 42,
          "column": 18
        },
        "end": {
          "line": 42,
          "column": 20
        }
      },
      "26": {
        "start": {
          "line": 45,
          "column": 18
        },
        "end": {
          "line": 45,
          "column": 20
        }
      },
      "27": {
        "start": {
          "line": 48,
          "column": 18
        },
        "end": {
          "line": 48,
          "column": 20
        }
      },
      "28": {
        "start": {
          "line": 51,
          "column": 0
        },
        "end": {
          "line": 51,
          "column": 91
        }
      },
      "29": {
        "start": {
          "line": 51,
          "column": 55
        },
        "end": {
          "line": 51,
          "column": 88
        }
      },
      "30": {
        "start": {
          "line": 52,
          "column": 0
        },
        "end": {
          "line": 344,
          "column": 7018
        }
      },
      "31": {
        "start": {
          "line": 52,
          "column": 15539
        },
        "end": {
          "line": 330,
          "column": 5
        }
      },
      "32": {
        "start": {
          "line": 53,
          "column": 20
        },
        "end": {
          "line": 53,
          "column": 41
        }
      },
      "33": {
        "start": {
          "line": 54,
          "column": 8
        },
        "end": {
          "line": 54,
          "column": 39
        }
      },
      "34": {
        "start": {
          "line": 55,
          "column": 8
        },
        "end": {
          "line": 55,
          "column": 34
        }
      },
      "35": {
        "start": {
          "line": 56,
          "column": 8
        },
        "end": {
          "line": 56,
          "column": 37
        }
      },
      "36": {
        "start": {
          "line": 57,
          "column": 8
        },
        "end": {
          "line": 57,
          "column": 32
        }
      },
      "37": {
        "start": {
          "line": 58,
          "column": 8
        },
        "end": {
          "line": 58,
          "column": 26
        }
      },
      "38": {
        "start": {
          "line": 59,
          "column": 8
        },
        "end": {
          "line": 59,
          "column": 34
        }
      },
      "39": {
        "start": {
          "line": 60,
          "column": 8
        },
        "end": {
          "line": 60,
          "column": 37
        }
      },
      "40": {
        "start": {
          "line": 61,
          "column": 8
        },
        "end": {
          "line": 61,
          "column": 28
        }
      },
      "41": {
        "start": {
          "line": 62,
          "column": 8
        },
        "end": {
          "line": 62,
          "column": 39
        }
      },
      "42": {
        "start": {
          "line": 63,
          "column": 8
        },
        "end": {
          "line": 63,
          "column": 37
        }
      },
      "43": {
        "start": {
          "line": 64,
          "column": 8
        },
        "end": {
          "line": 64,
          "column": 38
        }
      },
      "44": {
        "start": {
          "line": 65,
          "column": 8
        },
        "end": {
          "line": 65,
          "column": 75
        }
      },
      "45": {
        "start": {
          "line": 66,
          "column": 8
        },
        "end": {
          "line": 66,
          "column": 26
        }
      },
      "46": {
        "start": {
          "line": 67,
          "column": 8
        },
        "end": {
          "line": 67,
          "column": 26
        }
      },
      "47": {
        "start": {
          "line": 68,
          "column": 8
        },
        "end": {
          "line": 68,
          "column": 36
        }
      },
      "48": {
        "start": {
          "line": 69,
          "column": 8
        },
        "end": {
          "line": 69,
          "column": 36
        }
      },
      "49": {
        "start": {
          "line": 70,
          "column": 8
        },
        "end": {
          "line": 70,
          "column": 26
        }
      },
      "50": {
        "start": {
          "line": 71,
          "column": 8
        },
        "end": {
          "line": 71,
          "column": 26
        }
      },
      "51": {
        "start": {
          "line": 72,
          "column": 8
        },
        "end": {
          "line": 72,
          "column": 26
        }
      },
      "52": {
        "start": {
          "line": 73,
          "column": 8
        },
        "end": {
          "line": 73,
          "column": 29
        }
      },
      "53": {
        "start": {
          "line": 74,
          "column": 8
        },
        "end": {
          "line": 74,
          "column": 40
        }
      },
      "54": {
        "start": {
          "line": 75,
          "column": 8
        },
        "end": {
          "line": 75,
          "column": 40
        }
      },
      "55": {
        "start": {
          "line": 76,
          "column": 8
        },
        "end": {
          "line": 76,
          "column": 28
        }
      },
      "56": {
        "start": {
          "line": 77,
          "column": 8
        },
        "end": {
          "line": 77,
          "column": 40
        }
      },
      "57": {
        "start": {
          "line": 78,
          "column": 8
        },
        "end": {
          "line": 78,
          "column": 39
        }
      },
      "58": {
        "start": {
          "line": 79,
          "column": 8
        },
        "end": {
          "line": 79,
          "column": 39
        }
      },
      "59": {
        "start": {
          "line": 80,
          "column": 8
        },
        "end": {
          "line": 80,
          "column": 39
        }
      },
      "60": {
        "start": {
          "line": 81,
          "column": 8
        },
        "end": {
          "line": 81,
          "column": 37
        }
      },
      "61": {
        "start": {
          "line": 82,
          "column": 8
        },
        "end": {
          "line": 82,
          "column": 37
        }
      },
      "62": {
        "start": {
          "line": 83,
          "column": 8
        },
        "end": {
          "line": 83,
          "column": 26
        }
      },
      "63": {
        "start": {
          "line": 84,
          "column": 8
        },
        "end": {
          "line": 84,
          "column": 26
        }
      },
      "64": {
        "start": {
          "line": 85,
          "column": 8
        },
        "end": {
          "line": 85,
          "column": 26
        }
      },
      "65": {
        "start": {
          "line": 86,
          "column": 8
        },
        "end": {
          "line": 86,
          "column": 29
        }
      },
      "66": {
        "start": {
          "line": 87,
          "column": 8
        },
        "end": {
          "line": 87,
          "column": 38
        }
      },
      "67": {
        "start": {
          "line": 88,
          "column": 8
        },
        "end": {
          "line": 88,
          "column": 22
        }
      },
      "68": {
        "start": {
          "line": 89,
          "column": 8
        },
        "end": {
          "line": 89,
          "column": 26
        }
      },
      "69": {
        "start": {
          "line": 90,
          "column": 8
        },
        "end": {
          "line": 90,
          "column": 28
        }
      },
      "70": {
        "start": {
          "line": 91,
          "column": 8
        },
        "end": {
          "line": 91,
          "column": 41
        }
      },
      "71": {
        "start": {
          "line": 92,
          "column": 8
        },
        "end": {
          "line": 92,
          "column": 37
        }
      },
      "72": {
        "start": {
          "line": 93,
          "column": 8
        },
        "end": {
          "line": 93,
          "column": 26
        }
      },
      "73": {
        "start": {
          "line": 94,
          "column": 8
        },
        "end": {
          "line": 94,
          "column": 26
        }
      },
      "74": {
        "start": {
          "line": 95,
          "column": 8
        },
        "end": {
          "line": 95,
          "column": 29
        }
      },
      "75": {
        "start": {
          "line": 96,
          "column": 8
        },
        "end": {
          "line": 96,
          "column": 36
        }
      },
      "76": {
        "start": {
          "line": 97,
          "column": 8
        },
        "end": {
          "line": 97,
          "column": 35
        }
      },
      "77": {
        "start": {
          "line": 98,
          "column": 8
        },
        "end": {
          "line": 98,
          "column": 26
        }
      },
      "78": {
        "start": {
          "line": 99,
          "column": 8
        },
        "end": {
          "line": 99,
          "column": 35
        }
      },
      "79": {
        "start": {
          "line": 100,
          "column": 8
        },
        "end": {
          "line": 100,
          "column": 70
        }
      },
      "80": {
        "start": {
          "line": 101,
          "column": 8
        },
        "end": {
          "line": 101,
          "column": 26
        }
      },
      "81": {
        "start": {
          "line": 102,
          "column": 8
        },
        "end": {
          "line": 102,
          "column": 41
        }
      },
      "82": {
        "start": {
          "line": 103,
          "column": 8
        },
        "end": {
          "line": 103,
          "column": 39
        }
      },
      "83": {
        "start": {
          "line": 104,
          "column": 8
        },
        "end": {
          "line": 104,
          "column": 28
        }
      },
      "84": {
        "start": {
          "line": 105,
          "column": 8
        },
        "end": {
          "line": 105,
          "column": 41
        }
      },
      "85": {
        "start": {
          "line": 106,
          "column": 8
        },
        "end": {
          "line": 106,
          "column": 37
        }
      },
      "86": {
        "start": {
          "line": 107,
          "column": 8
        },
        "end": {
          "line": 107,
          "column": 26
        }
      },
      "87": {
        "start": {
          "line": 108,
          "column": 8
        },
        "end": {
          "line": 108,
          "column": 29
        }
      },
      "88": {
        "start": {
          "line": 109,
          "column": 8
        },
        "end": {
          "line": 109,
          "column": 38
        }
      },
      "89": {
        "start": {
          "line": 110,
          "column": 8
        },
        "end": {
          "line": 110,
          "column": 50
        }
      },
      "90": {
        "start": {
          "line": 111,
          "column": 8
        },
        "end": {
          "line": 111,
          "column": 26
        }
      },
      "91": {
        "start": {
          "line": 112,
          "column": 8
        },
        "end": {
          "line": 112,
          "column": 28
        }
      },
      "92": {
        "start": {
          "line": 113,
          "column": 8
        },
        "end": {
          "line": 113,
          "column": 41
        }
      },
      "93": {
        "start": {
          "line": 114,
          "column": 8
        },
        "end": {
          "line": 114,
          "column": 37
        }
      },
      "94": {
        "start": {
          "line": 115,
          "column": 8
        },
        "end": {
          "line": 115,
          "column": 26
        }
      },
      "95": {
        "start": {
          "line": 116,
          "column": 8
        },
        "end": {
          "line": 116,
          "column": 26
        }
      },
      "96": {
        "start": {
          "line": 117,
          "column": 8
        },
        "end": {
          "line": 117,
          "column": 29
        }
      },
      "97": {
        "start": {
          "line": 118,
          "column": 8
        },
        "end": {
          "line": 118,
          "column": 39
        }
      },
      "98": {
        "start": {
          "line": 119,
          "column": 8
        },
        "end": {
          "line": 119,
          "column": 28
        }
      },
      "99": {
        "start": {
          "line": 120,
          "column": 8
        },
        "end": {
          "line": 120,
          "column": 41
        }
      },
      "100": {
        "start": {
          "line": 121,
          "column": 8
        },
        "end": {
          "line": 121,
          "column": 37
        }
      },
      "101": {
        "start": {
          "line": 122,
          "column": 8
        },
        "end": {
          "line": 122,
          "column": 26
        }
      },
      "102": {
        "start": {
          "line": 123,
          "column": 8
        },
        "end": {
          "line": 123,
          "column": 29
        }
      },
      "103": {
        "start": {
          "line": 124,
          "column": 8
        },
        "end": {
          "line": 124,
          "column": 38
        }
      },
      "104": {
        "start": {
          "line": 125,
          "column": 8
        },
        "end": {
          "line": 125,
          "column": 43
        }
      },
      "105": {
        "start": {
          "line": 126,
          "column": 8
        },
        "end": {
          "line": 126,
          "column": 26
        }
      },
      "106": {
        "start": {
          "line": 127,
          "column": 8
        },
        "end": {
          "line": 127,
          "column": 28
        }
      },
      "107": {
        "start": {
          "line": 128,
          "column": 8
        },
        "end": {
          "line": 128,
          "column": 41
        }
      },
      "108": {
        "start": {
          "line": 129,
          "column": 8
        },
        "end": {
          "line": 129,
          "column": 37
        }
      },
      "109": {
        "start": {
          "line": 130,
          "column": 8
        },
        "end": {
          "line": 130,
          "column": 26
        }
      },
      "110": {
        "start": {
          "line": 131,
          "column": 8
        },
        "end": {
          "line": 131,
          "column": 26
        }
      },
      "111": {
        "start": {
          "line": 132,
          "column": 8
        },
        "end": {
          "line": 132,
          "column": 29
        }
      },
      "112": {
        "start": {
          "line": 133,
          "column": 8
        },
        "end": {
          "line": 133,
          "column": 39
        }
      },
      "113": {
        "start": {
          "line": 134,
          "column": 8
        },
        "end": {
          "line": 134,
          "column": 28
        }
      },
      "114": {
        "start": {
          "line": 135,
          "column": 8
        },
        "end": {
          "line": 135,
          "column": 41
        }
      },
      "115": {
        "start": {
          "line": 136,
          "column": 8
        },
        "end": {
          "line": 136,
          "column": 37
        }
      },
      "116": {
        "start": {
          "line": 137,
          "column": 8
        },
        "end": {
          "line": 137,
          "column": 26
        }
      },
      "117": {
        "start": {
          "line": 138,
          "column": 8
        },
        "end": {
          "line": 138,
          "column": 29
        }
      },
      "118": {
        "start": {
          "line": 139,
          "column": 8
        },
        "end": {
          "line": 139,
          "column": 38
        }
      },
      "119": {
        "start": {
          "line": 140,
          "column": 8
        },
        "end": {
          "line": 140,
          "column": 38
        }
      },
      "120": {
        "start": {
          "line": 141,
          "column": 8
        },
        "end": {
          "line": 141,
          "column": 26
        }
      },
      "121": {
        "start": {
          "line": 142,
          "column": 8
        },
        "end": {
          "line": 142,
          "column": 28
        }
      },
      "122": {
        "start": {
          "line": 143,
          "column": 8
        },
        "end": {
          "line": 143,
          "column": 41
        }
      },
      "123": {
        "start": {
          "line": 144,
          "column": 8
        },
        "end": {
          "line": 144,
          "column": 37
        }
      },
      "124": {
        "start": {
          "line": 145,
          "column": 8
        },
        "end": {
          "line": 145,
          "column": 26
        }
      },
      "125": {
        "start": {
          "line": 146,
          "column": 8
        },
        "end": {
          "line": 146,
          "column": 26
        }
      },
      "126": {
        "start": {
          "line": 147,
          "column": 8
        },
        "end": {
          "line": 147,
          "column": 26
        }
      },
      "127": {
        "start": {
          "line": 148,
          "column": 8
        },
        "end": {
          "line": 148,
          "column": 29
        }
      },
      "128": {
        "start": {
          "line": 149,
          "column": 8
        },
        "end": {
          "line": 149,
          "column": 36
        }
      },
      "129": {
        "start": {
          "line": 150,
          "column": 8
        },
        "end": {
          "line": 150,
          "column": 36
        }
      },
      "130": {
        "start": {
          "line": 151,
          "column": 8
        },
        "end": {
          "line": 151,
          "column": 26
        }
      },
      "131": {
        "start": {
          "line": 152,
          "column": 8
        },
        "end": {
          "line": 152,
          "column": 35
        }
      },
      "132": {
        "start": {
          "line": 153,
          "column": 8
        },
        "end": {
          "line": 153,
          "column": 68
        }
      },
      "133": {
        "start": {
          "line": 154,
          "column": 8
        },
        "end": {
          "line": 154,
          "column": 26
        }
      },
      "134": {
        "start": {
          "line": 155,
          "column": 8
        },
        "end": {
          "line": 155,
          "column": 42
        }
      },
      "135": {
        "start": {
          "line": 156,
          "column": 8
        },
        "end": {
          "line": 156,
          "column": 41
        }
      },
      "136": {
        "start": {
          "line": 157,
          "column": 8
        },
        "end": {
          "line": 157,
          "column": 41
        }
      },
      "137": {
        "start": {
          "line": 158,
          "column": 8
        },
        "end": {
          "line": 158,
          "column": 178
        }
      },
      "138": {
        "start": {
          "line": 158,
          "column": 88
        },
        "end": {
          "line": 158,
          "column": 110
        }
      },
      "139": {
        "start": {
          "line": 158,
          "column": 123
        },
        "end": {
          "line": 158,
          "column": 141
        }
      },
      "140": {
        "start": {
          "line": 158,
          "column": 143
        },
        "end": {
          "line": 158,
          "column": 174
        }
      },
      "141": {
        "start": {
          "line": 159,
          "column": 8
        },
        "end": {
          "line": 159,
          "column": 28
        }
      },
      "142": {
        "start": {
          "line": 160,
          "column": 8
        },
        "end": {
          "line": 160,
          "column": 41
        }
      },
      "143": {
        "start": {
          "line": 161,
          "column": 8
        },
        "end": {
          "line": 161,
          "column": 37
        }
      },
      "144": {
        "start": {
          "line": 162,
          "column": 8
        },
        "end": {
          "line": 162,
          "column": 26
        }
      },
      "145": {
        "start": {
          "line": 163,
          "column": 8
        },
        "end": {
          "line": 163,
          "column": 29
        }
      },
      "146": {
        "start": {
          "line": 164,
          "column": 8
        },
        "end": {
          "line": 164,
          "column": 38
        }
      },
      "147": {
        "start": {
          "line": 165,
          "column": 8
        },
        "end": {
          "line": 165,
          "column": 39
        }
      },
      "148": {
        "start": {
          "line": 166,
          "column": 8
        },
        "end": {
          "line": 166,
          "column": 26
        }
      },
      "149": {
        "start": {
          "line": 167,
          "column": 8
        },
        "end": {
          "line": 167,
          "column": 26
        }
      },
      "150": {
        "start": {
          "line": 168,
          "column": 8
        },
        "end": {
          "line": 168,
          "column": 41
        }
      },
      "151": {
        "start": {
          "line": 169,
          "column": 8
        },
        "end": {
          "line": 169,
          "column": 177
        }
      },
      "152": {
        "start": {
          "line": 169,
          "column": 88
        },
        "end": {
          "line": 169,
          "column": 110
        }
      },
      "153": {
        "start": {
          "line": 169,
          "column": 123
        },
        "end": {
          "line": 169,
          "column": 141
        }
      },
      "154": {
        "start": {
          "line": 169,
          "column": 143
        },
        "end": {
          "line": 169,
          "column": 173
        }
      },
      "155": {
        "start": {
          "line": 170,
          "column": 8
        },
        "end": {
          "line": 170,
          "column": 28
        }
      },
      "156": {
        "start": {
          "line": 171,
          "column": 8
        },
        "end": {
          "line": 171,
          "column": 41
        }
      },
      "157": {
        "start": {
          "line": 172,
          "column": 8
        },
        "end": {
          "line": 172,
          "column": 37
        }
      },
      "158": {
        "start": {
          "line": 173,
          "column": 8
        },
        "end": {
          "line": 173,
          "column": 26
        }
      },
      "159": {
        "start": {
          "line": 174,
          "column": 8
        },
        "end": {
          "line": 174,
          "column": 29
        }
      },
      "160": {
        "start": {
          "line": 175,
          "column": 8
        },
        "end": {
          "line": 175,
          "column": 38
        }
      },
      "161": {
        "start": {
          "line": 176,
          "column": 8
        },
        "end": {
          "line": 176,
          "column": 42
        }
      },
      "162": {
        "start": {
          "line": 177,
          "column": 8
        },
        "end": {
          "line": 177,
          "column": 26
        }
      },
      "163": {
        "start": {
          "line": 178,
          "column": 8
        },
        "end": {
          "line": 178,
          "column": 26
        }
      },
      "164": {
        "start": {
          "line": 179,
          "column": 8
        },
        "end": {
          "line": 179,
          "column": 41
        }
      },
      "165": {
        "start": {
          "line": 180,
          "column": 8
        },
        "end": {
          "line": 180,
          "column": 179
        }
      },
      "166": {
        "start": {
          "line": 180,
          "column": 88
        },
        "end": {
          "line": 180,
          "column": 110
        }
      },
      "167": {
        "start": {
          "line": 180,
          "column": 123
        },
        "end": {
          "line": 180,
          "column": 141
        }
      },
      "168": {
        "start": {
          "line": 180,
          "column": 143
        },
        "end": {
          "line": 180,
          "column": 175
        }
      },
      "169": {
        "start": {
          "line": 181,
          "column": 8
        },
        "end": {
          "line": 181,
          "column": 28
        }
      },
      "170": {
        "start": {
          "line": 182,
          "column": 8
        },
        "end": {
          "line": 182,
          "column": 41
        }
      },
      "171": {
        "start": {
          "line": 183,
          "column": 8
        },
        "end": {
          "line": 183,
          "column": 37
        }
      },
      "172": {
        "start": {
          "line": 184,
          "column": 8
        },
        "end": {
          "line": 184,
          "column": 26
        }
      },
      "173": {
        "start": {
          "line": 185,
          "column": 8
        },
        "end": {
          "line": 185,
          "column": 29
        }
      },
      "174": {
        "start": {
          "line": 186,
          "column": 8
        },
        "end": {
          "line": 186,
          "column": 38
        }
      },
      "175": {
        "start": {
          "line": 187,
          "column": 8
        },
        "end": {
          "line": 187,
          "column": 40
        }
      },
      "176": {
        "start": {
          "line": 188,
          "column": 8
        },
        "end": {
          "line": 188,
          "column": 26
        }
      },
      "177": {
        "start": {
          "line": 189,
          "column": 8
        },
        "end": {
          "line": 189,
          "column": 26
        }
      },
      "178": {
        "start": {
          "line": 190,
          "column": 8
        },
        "end": {
          "line": 190,
          "column": 41
        }
      },
      "179": {
        "start": {
          "line": 191,
          "column": 8
        },
        "end": {
          "line": 191,
          "column": 173
        }
      },
      "180": {
        "start": {
          "line": 191,
          "column": 88
        },
        "end": {
          "line": 191,
          "column": 110
        }
      },
      "181": {
        "start": {
          "line": 191,
          "column": 123
        },
        "end": {
          "line": 191,
          "column": 141
        }
      },
      "182": {
        "start": {
          "line": 191,
          "column": 143
        },
        "end": {
          "line": 191,
          "column": 169
        }
      },
      "183": {
        "start": {
          "line": 192,
          "column": 8
        },
        "end": {
          "line": 192,
          "column": 28
        }
      },
      "184": {
        "start": {
          "line": 193,
          "column": 8
        },
        "end": {
          "line": 193,
          "column": 41
        }
      },
      "185": {
        "start": {
          "line": 194,
          "column": 8
        },
        "end": {
          "line": 194,
          "column": 37
        }
      },
      "186": {
        "start": {
          "line": 195,
          "column": 8
        },
        "end": {
          "line": 195,
          "column": 26
        }
      },
      "187": {
        "start": {
          "line": 196,
          "column": 8
        },
        "end": {
          "line": 196,
          "column": 29
        }
      },
      "188": {
        "start": {
          "line": 197,
          "column": 8
        },
        "end": {
          "line": 197,
          "column": 38
        }
      },
      "189": {
        "start": {
          "line": 198,
          "column": 8
        },
        "end": {
          "line": 198,
          "column": 45
        }
      },
      "190": {
        "start": {
          "line": 199,
          "column": 8
        },
        "end": {
          "line": 199,
          "column": 26
        }
      },
      "191": {
        "start": {
          "line": 200,
          "column": 8
        },
        "end": {
          "line": 200,
          "column": 26
        }
      },
      "192": {
        "start": {
          "line": 201,
          "column": 8
        },
        "end": {
          "line": 201,
          "column": 41
        }
      },
      "193": {
        "start": {
          "line": 202,
          "column": 8
        },
        "end": {
          "line": 202,
          "column": 174
        }
      },
      "194": {
        "start": {
          "line": 202,
          "column": 88
        },
        "end": {
          "line": 202,
          "column": 110
        }
      },
      "195": {
        "start": {
          "line": 202,
          "column": 123
        },
        "end": {
          "line": 202,
          "column": 141
        }
      },
      "196": {
        "start": {
          "line": 202,
          "column": 143
        },
        "end": {
          "line": 202,
          "column": 170
        }
      },
      "197": {
        "start": {
          "line": 203,
          "column": 8
        },
        "end": {
          "line": 203,
          "column": 28
        }
      },
      "198": {
        "start": {
          "line": 204,
          "column": 8
        },
        "end": {
          "line": 204,
          "column": 41
        }
      },
      "199": {
        "start": {
          "line": 205,
          "column": 8
        },
        "end": {
          "line": 205,
          "column": 37
        }
      },
      "200": {
        "start": {
          "line": 206,
          "column": 8
        },
        "end": {
          "line": 206,
          "column": 26
        }
      },
      "201": {
        "start": {
          "line": 207,
          "column": 8
        },
        "end": {
          "line": 207,
          "column": 29
        }
      },
      "202": {
        "start": {
          "line": 208,
          "column": 8
        },
        "end": {
          "line": 208,
          "column": 38
        }
      },
      "203": {
        "start": {
          "line": 209,
          "column": 8
        },
        "end": {
          "line": 209,
          "column": 46
        }
      },
      "204": {
        "start": {
          "line": 210,
          "column": 8
        },
        "end": {
          "line": 210,
          "column": 26
        }
      },
      "205": {
        "start": {
          "line": 211,
          "column": 8
        },
        "end": {
          "line": 211,
          "column": 26
        }
      },
      "206": {
        "start": {
          "line": 212,
          "column": 8
        },
        "end": {
          "line": 212,
          "column": 26
        }
      },
      "207": {
        "start": {
          "line": 213,
          "column": 8
        },
        "end": {
          "line": 213,
          "column": 41
        }
      },
      "208": {
        "start": {
          "line": 214,
          "column": 8
        },
        "end": {
          "line": 214,
          "column": 73
        }
      },
      "209": {
        "start": {
          "line": 215,
          "column": 8
        },
        "end": {
          "line": 215,
          "column": 73
        }
      },
      "210": {
        "start": {
          "line": 216,
          "column": 8
        },
        "end": {
          "line": 216,
          "column": 73
        }
      },
      "211": {
        "start": {
          "line": 217,
          "column": 8
        },
        "end": {
          "line": 217,
          "column": 73
        }
      },
      "212": {
        "start": {
          "line": 218,
          "column": 8
        },
        "end": {
          "line": 218,
          "column": 73
        }
      },
      "213": {
        "start": {
          "line": 219,
          "column": 8
        },
        "end": {
          "line": 219,
          "column": 26
        }
      },
      "214": {
        "start": {
          "line": 220,
          "column": 8
        },
        "end": {
          "line": 220,
          "column": 41
        }
      },
      "215": {
        "start": {
          "line": 221,
          "column": 8
        },
        "end": {
          "line": 221,
          "column": 39
        }
      },
      "216": {
        "start": {
          "line": 222,
          "column": 8
        },
        "end": {
          "line": 222,
          "column": 28
        }
      },
      "217": {
        "start": {
          "line": 223,
          "column": 8
        },
        "end": {
          "line": 223,
          "column": 41
        }
      },
      "218": {
        "start": {
          "line": 224,
          "column": 8
        },
        "end": {
          "line": 224,
          "column": 37
        }
      },
      "219": {
        "start": {
          "line": 225,
          "column": 8
        },
        "end": {
          "line": 225,
          "column": 37
        }
      },
      "220": {
        "start": {
          "line": 226,
          "column": 8
        },
        "end": {
          "line": 226,
          "column": 37
        }
      },
      "221": {
        "start": {
          "line": 227,
          "column": 8
        },
        "end": {
          "line": 227,
          "column": 37
        }
      },
      "222": {
        "start": {
          "line": 228,
          "column": 8
        },
        "end": {
          "line": 228,
          "column": 37
        }
      },
      "223": {
        "start": {
          "line": 229,
          "column": 8
        },
        "end": {
          "line": 229,
          "column": 26
        }
      },
      "224": {
        "start": {
          "line": 230,
          "column": 8
        },
        "end": {
          "line": 230,
          "column": 26
        }
      },
      "225": {
        "start": {
          "line": 231,
          "column": 8
        },
        "end": {
          "line": 231,
          "column": 29
        }
      },
      "226": {
        "start": {
          "line": 232,
          "column": 8
        },
        "end": {
          "line": 232,
          "column": 39
        }
      },
      "227": {
        "start": {
          "line": 233,
          "column": 8
        },
        "end": {
          "line": 233,
          "column": 28
        }
      },
      "228": {
        "start": {
          "line": 234,
          "column": 8
        },
        "end": {
          "line": 234,
          "column": 41
        }
      },
      "229": {
        "start": {
          "line": 235,
          "column": 8
        },
        "end": {
          "line": 235,
          "column": 39
        }
      },
      "230": {
        "start": {
          "line": 236,
          "column": 8
        },
        "end": {
          "line": 236,
          "column": 37
        }
      },
      "231": {
        "start": {
          "line": 237,
          "column": 8
        },
        "end": {
          "line": 237,
          "column": 38
        }
      },
      "232": {
        "start": {
          "line": 238,
          "column": 8
        },
        "end": {
          "line": 238,
          "column": 38
        }
      },
      "233": {
        "start": {
          "line": 239,
          "column": 8
        },
        "end": {
          "line": 239,
          "column": 38
        }
      },
      "234": {
        "start": {
          "line": 240,
          "column": 8
        },
        "end": {
          "line": 240,
          "column": 38
        }
      },
      "235": {
        "start": {
          "line": 241,
          "column": 8
        },
        "end": {
          "line": 241,
          "column": 26
        }
      },
      "236": {
        "start": {
          "line": 242,
          "column": 8
        },
        "end": {
          "line": 242,
          "column": 26
        }
      },
      "237": {
        "start": {
          "line": 243,
          "column": 8
        },
        "end": {
          "line": 243,
          "column": 26
        }
      },
      "238": {
        "start": {
          "line": 244,
          "column": 8
        },
        "end": {
          "line": 244,
          "column": 29
        }
      },
      "239": {
        "start": {
          "line": 245,
          "column": 8
        },
        "end": {
          "line": 245,
          "column": 40
        }
      },
      "240": {
        "start": {
          "line": 246,
          "column": 8
        },
        "end": {
          "line": 246,
          "column": 28
        }
      },
      "241": {
        "start": {
          "line": 247,
          "column": 8
        },
        "end": {
          "line": 247,
          "column": 42
        }
      },
      "242": {
        "start": {
          "line": 248,
          "column": 8
        },
        "end": {
          "line": 248,
          "column": 39
        }
      },
      "243": {
        "start": {
          "line": 249,
          "column": 8
        },
        "end": {
          "line": 249,
          "column": 47
        }
      },
      "244": {
        "start": {
          "line": 250,
          "column": 8
        },
        "end": {
          "line": 250,
          "column": 38
        }
      },
      "245": {
        "start": {
          "line": 251,
          "column": 8
        },
        "end": {
          "line": 251,
          "column": 26
        }
      },
      "246": {
        "start": {
          "line": 252,
          "column": 8
        },
        "end": {
          "line": 252,
          "column": 26
        }
      },
      "247": {
        "start": {
          "line": 253,
          "column": 8
        },
        "end": {
          "line": 253,
          "column": 40
        }
      },
      "248": {
        "start": {
          "line": 254,
          "column": 8
        },
        "end": {
          "line": 254,
          "column": 38
        }
      },
      "249": {
        "start": {
          "line": 255,
          "column": 8
        },
        "end": {
          "line": 255,
          "column": 38
        }
      },
      "250": {
        "start": {
          "line": 256,
          "column": 8
        },
        "end": {
          "line": 256,
          "column": 40
        }
      },
      "251": {
        "start": {
          "line": 257,
          "column": 8
        },
        "end": {
          "line": 257,
          "column": 40
        }
      },
      "252": {
        "start": {
          "line": 258,
          "column": 8
        },
        "end": {
          "line": 258,
          "column": 40
        }
      },
      "253": {
        "start": {
          "line": 259,
          "column": 8
        },
        "end": {
          "line": 259,
          "column": 38
        }
      },
      "254": {
        "start": {
          "line": 260,
          "column": 8
        },
        "end": {
          "line": 260,
          "column": 26
        }
      },
      "255": {
        "start": {
          "line": 261,
          "column": 8
        },
        "end": {
          "line": 261,
          "column": 26
        }
      },
      "256": {
        "start": {
          "line": 262,
          "column": 8
        },
        "end": {
          "line": 262,
          "column": 26
        }
      },
      "257": {
        "start": {
          "line": 263,
          "column": 8
        },
        "end": {
          "line": 263,
          "column": 38
        }
      },
      "258": {
        "start": {
          "line": 264,
          "column": 8
        },
        "end": {
          "line": 264,
          "column": 26
        }
      },
      "259": {
        "start": {
          "line": 265,
          "column": 8
        },
        "end": {
          "line": 265,
          "column": 26
        }
      },
      "260": {
        "start": {
          "line": 266,
          "column": 8
        },
        "end": {
          "line": 266,
          "column": 26
        }
      },
      "261": {
        "start": {
          "line": 267,
          "column": 8
        },
        "end": {
          "line": 267,
          "column": 29
        }
      },
      "262": {
        "start": {
          "line": 268,
          "column": 8
        },
        "end": {
          "line": 268,
          "column": 40
        }
      },
      "263": {
        "start": {
          "line": 269,
          "column": 8
        },
        "end": {
          "line": 269,
          "column": 28
        }
      },
      "264": {
        "start": {
          "line": 270,
          "column": 8
        },
        "end": {
          "line": 270,
          "column": 42
        }
      },
      "265": {
        "start": {
          "line": 271,
          "column": 8
        },
        "end": {
          "line": 271,
          "column": 40
        }
      },
      "266": {
        "start": {
          "line": 272,
          "column": 8
        },
        "end": {
          "line": 272,
          "column": 38
        }
      },
      "267": {
        "start": {
          "line": 273,
          "column": 8
        },
        "end": {
          "line": 273,
          "column": 38
        }
      },
      "268": {
        "start": {
          "line": 274,
          "column": 8
        },
        "end": {
          "line": 274,
          "column": 38
        }
      },
      "269": {
        "start": {
          "line": 275,
          "column": 8
        },
        "end": {
          "line": 275,
          "column": 26
        }
      },
      "270": {
        "start": {
          "line": 276,
          "column": 8
        },
        "end": {
          "line": 276,
          "column": 26
        }
      },
      "271": {
        "start": {
          "line": 277,
          "column": 8
        },
        "end": {
          "line": 277,
          "column": 26
        }
      },
      "272": {
        "start": {
          "line": 278,
          "column": 8
        },
        "end": {
          "line": 278,
          "column": 29
        }
      },
      "273": {
        "start": {
          "line": 279,
          "column": 8
        },
        "end": {
          "line": 279,
          "column": 40
        }
      },
      "274": {
        "start": {
          "line": 280,
          "column": 8
        },
        "end": {
          "line": 280,
          "column": 28
        }
      },
      "275": {
        "start": {
          "line": 281,
          "column": 8
        },
        "end": {
          "line": 281,
          "column": 42
        }
      },
      "276": {
        "start": {
          "line": 282,
          "column": 8
        },
        "end": {
          "line": 282,
          "column": 38
        }
      },
      "277": {
        "start": {
          "line": 283,
          "column": 8
        },
        "end": {
          "line": 283,
          "column": 26
        }
      },
      "278": {
        "start": {
          "line": 284,
          "column": 8
        },
        "end": {
          "line": 284,
          "column": 26
        }
      },
      "279": {
        "start": {
          "line": 285,
          "column": 8
        },
        "end": {
          "line": 285,
          "column": 29
        }
      },
      "280": {
        "start": {
          "line": 286,
          "column": 8
        },
        "end": {
          "line": 286,
          "column": 40
        }
      },
      "281": {
        "start": {
          "line": 287,
          "column": 8
        },
        "end": {
          "line": 287,
          "column": 28
        }
      },
      "282": {
        "start": {
          "line": 288,
          "column": 8
        },
        "end": {
          "line": 288,
          "column": 42
        }
      },
      "283": {
        "start": {
          "line": 289,
          "column": 8
        },
        "end": {
          "line": 289,
          "column": 40
        }
      },
      "284": {
        "start": {
          "line": 290,
          "column": 8
        },
        "end": {
          "line": 290,
          "column": 38
        }
      },
      "285": {
        "start": {
          "line": 291,
          "column": 8
        },
        "end": {
          "line": 291,
          "column": 40
        }
      },
      "286": {
        "start": {
          "line": 292,
          "column": 8
        },
        "end": {
          "line": 292,
          "column": 40
        }
      },
      "287": {
        "start": {
          "line": 293,
          "column": 8
        },
        "end": {
          "line": 293,
          "column": 38
        }
      },
      "288": {
        "start": {
          "line": 294,
          "column": 8
        },
        "end": {
          "line": 294,
          "column": 38
        }
      },
      "289": {
        "start": {
          "line": 295,
          "column": 8
        },
        "end": {
          "line": 295,
          "column": 38
        }
      },
      "290": {
        "start": {
          "line": 296,
          "column": 8
        },
        "end": {
          "line": 296,
          "column": 38
        }
      },
      "291": {
        "start": {
          "line": 297,
          "column": 8
        },
        "end": {
          "line": 297,
          "column": 26
        }
      },
      "292": {
        "start": {
          "line": 298,
          "column": 8
        },
        "end": {
          "line": 298,
          "column": 26
        }
      },
      "293": {
        "start": {
          "line": 299,
          "column": 8
        },
        "end": {
          "line": 299,
          "column": 26
        }
      },
      "294": {
        "start": {
          "line": 300,
          "column": 8
        },
        "end": {
          "line": 300,
          "column": 26
        }
      },
      "295": {
        "start": {
          "line": 301,
          "column": 8
        },
        "end": {
          "line": 301,
          "column": 26
        }
      },
      "296": {
        "start": {
          "line": 302,
          "column": 8
        },
        "end": {
          "line": 302,
          "column": 26
        }
      },
      "297": {
        "start": {
          "line": 303,
          "column": 8
        },
        "end": {
          "line": 303,
          "column": 29
        }
      },
      "298": {
        "start": {
          "line": 304,
          "column": 8
        },
        "end": {
          "line": 304,
          "column": 41
        }
      },
      "299": {
        "start": {
          "line": 305,
          "column": 8
        },
        "end": {
          "line": 305,
          "column": 48
        }
      },
      "300": {
        "start": {
          "line": 306,
          "column": 8
        },
        "end": {
          "line": 306,
          "column": 40
        }
      },
      "301": {
        "start": {
          "line": 307,
          "column": 8
        },
        "end": {
          "line": 307,
          "column": 50
        }
      },
      "302": {
        "start": {
          "line": 308,
          "column": 8
        },
        "end": {
          "line": 308,
          "column": 42
        }
      },
      "303": {
        "start": {
          "line": 309,
          "column": 8
        },
        "end": {
          "line": 309,
          "column": 28
        }
      },
      "304": {
        "start": {
          "line": 310,
          "column": 8
        },
        "end": {
          "line": 310,
          "column": 42
        }
      },
      "305": {
        "start": {
          "line": 311,
          "column": 8
        },
        "end": {
          "line": 311,
          "column": 38
        }
      },
      "306": {
        "start": {
          "line": 312,
          "column": 8
        },
        "end": {
          "line": 312,
          "column": 38
        }
      },
      "307": {
        "start": {
          "line": 313,
          "column": 8
        },
        "end": {
          "line": 313,
          "column": 26
        }
      },
      "308": {
        "start": {
          "line": 314,
          "column": 8
        },
        "end": {
          "line": 314,
          "column": 33
        }
      },
      "309": {
        "start": {
          "line": 315,
          "column": 8
        },
        "end": {
          "line": 315,
          "column": 26
        }
      },
      "310": {
        "start": {
          "line": 316,
          "column": 8
        },
        "end": {
          "line": 316,
          "column": 26
        }
      },
      "311": {
        "start": {
          "line": 317,
          "column": 8
        },
        "end": {
          "line": 317,
          "column": 29
        }
      },
      "312": {
        "start": {
          "line": 318,
          "column": 8
        },
        "end": {
          "line": 318,
          "column": 40
        }
      },
      "313": {
        "start": {
          "line": 319,
          "column": 8
        },
        "end": {
          "line": 319,
          "column": 28
        }
      },
      "314": {
        "start": {
          "line": 320,
          "column": 8
        },
        "end": {
          "line": 320,
          "column": 42
        }
      },
      "315": {
        "start": {
          "line": 321,
          "column": 8
        },
        "end": {
          "line": 321,
          "column": 38
        }
      },
      "316": {
        "start": {
          "line": 322,
          "column": 8
        },
        "end": {
          "line": 322,
          "column": 38
        }
      },
      "317": {
        "start": {
          "line": 323,
          "column": 8
        },
        "end": {
          "line": 323,
          "column": 26
        }
      },
      "318": {
        "start": {
          "line": 324,
          "column": 8
        },
        "end": {
          "line": 324,
          "column": 26
        }
      },
      "319": {
        "start": {
          "line": 325,
          "column": 8
        },
        "end": {
          "line": 325,
          "column": 26
        }
      },
      "320": {
        "start": {
          "line": 326,
          "column": 8
        },
        "end": {
          "line": 326,
          "column": 42
        }
      },
      "321": {
        "start": {
          "line": 327,
          "column": 8
        },
        "end": {
          "line": 327,
          "column": 38
        }
      },
      "322": {
        "start": {
          "line": 328,
          "column": 8
        },
        "end": {
          "line": 328,
          "column": 26
        }
      },
      "323": {
        "start": {
          "line": 329,
          "column": 8
        },
        "end": {
          "line": 329,
          "column": 26
        }
      },
      "324": {
        "start": {
          "line": 330,
          "column": 6
        },
        "end": {
          "line": 344,
          "column": 5
        }
      },
      "325": {
        "start": {
          "line": 331,
          "column": 20
        },
        "end": {
          "line": 331,
          "column": 38
        }
      },
      "326": {
        "start": {
          "line": 332,
          "column": 8
        },
        "end": {
          "line": 332,
          "column": 25
        }
      },
      "327": {
        "start": {
          "line": 333,
          "column": 8
        },
        "end": {
          "line": 333,
          "column": 65
        }
      },
      "328": {
        "start": {
          "line": 334,
          "column": 8
        },
        "end": {
          "line": 334,
          "column": 25
        }
      },
      "329": {
        "start": {
          "line": 335,
          "column": 8
        },
        "end": {
          "line": 335,
          "column": 45
        }
      },
      "330": {
        "start": {
          "line": 336,
          "column": 8
        },
        "end": {
          "line": 336,
          "column": 24
        }
      },
      "331": {
        "start": {
          "line": 337,
          "column": 8
        },
        "end": {
          "line": 337,
          "column": 50
        }
      },
      "332": {
        "start": {
          "line": 338,
          "column": 8
        },
        "end": {
          "line": 338,
          "column": 24
        }
      },
      "333": {
        "start": {
          "line": 339,
          "column": 8
        },
        "end": {
          "line": 339,
          "column": 52
        }
      },
      "334": {
        "start": {
          "line": 340,
          "column": 8
        },
        "end": {
          "line": 340,
          "column": 24
        }
      },
      "335": {
        "start": {
          "line": 341,
          "column": 8
        },
        "end": {
          "line": 341,
          "column": 46
        }
      },
      "336": {
        "start": {
          "line": 342,
          "column": 8
        },
        "end": {
          "line": 342,
          "column": 24
        }
      },
      "337": {
        "start": {
          "line": 343,
          "column": 8
        },
        "end": {
          "line": 343,
          "column": 47
        }
      },
      "338": {
        "start": {
          "line": 345,
          "column": 14
        },
        "end": {
          "line": 352,
          "column": 48
        }
      },
      "339": {
        "start": {
          "line": 345,
          "column": 29
        },
        "end": {
          "line": 352,
          "column": 42
        }
      },
      "340": {
        "start": {
          "line": 352,
          "column": 22
        },
        "end": {
          "line": 352,
          "column": 32
        }
      }
    },
    "fnMap": {
      "0": {
        "name": "AppComponent_pre_83_Template",
        "decl": {
          "start": {
            "line": 4,
            "column": 9
          },
          "end": {
            "line": 4,
            "column": 37
          }
        },
        "loc": {
          "start": {
            "line": 4,
            "column": 47
          },
          "end": {
            "line": 8,
            "column": 3
          }
        },
        "line": 4
      },
      "1": {
        "name": "AppComponent_pre_84_Template",
        "decl": {
          "start": {
            "line": 9,
            "column": 9
          },
          "end": {
            "line": 9,
            "column": 37
          }
        },
        "loc": {
          "start": {
            "line": 9,
            "column": 47
          },
          "end": {
            "line": 13,
            "column": 3
          }
        },
        "line": 9
      },
      "2": {
        "name": "AppComponent_pre_85_Template",
        "decl": {
          "start": {
            "line": 14,
            "column": 9
          },
          "end": {
            "line": 14,
            "column": 37
          }
        },
        "loc": {
          "start": {
            "line": 14,
            "column": 47
          },
          "end": {
            "line": 18,
            "column": 3
          }
        },
        "line": 14
      },
      "3": {
        "name": "AppComponent_pre_86_Template",
        "decl": {
          "start": {
            "line": 19,
            "column": 9
          },
          "end": {
            "line": 19,
            "column": 37
          }
        },
        "loc": {
          "start": {
            "line": 19,
            "column": 47
          },
          "end": {
            "line": 23,
            "column": 3
          }
        },
        "line": 19
      },
      "4": {
        "name": "AppComponent_pre_87_Template",
        "decl": {
          "start": {
            "line": 24,
            "column": 9
          },
          "end": {
            "line": 24,
            "column": 37
          }
        },
        "loc": {
          "start": {
            "line": 24,
            "column": 47
          },
          "end": {
            "line": 28,
            "column": 3
          }
        },
        "line": 24
      },
      "5": {
        "name": "(anonymous_5)",
        "decl": {
          "start": {
            "line": 30,
            "column": 4
          },
          "end": {
            "line": 30,
            "column": 5
          }
        },
        "loc": {
          "start": {
            "line": 30,
            "column": 18
          },
          "end": {
            "line": 34,
            "column": 5
          }
        },
        "line": 30
      },
      "6": {
        "name": "(anonymous_6)",
        "decl": {
          "start": {
            "line": 35,
            "column": 4
          },
          "end": {
            "line": 35,
            "column": 5
          }
        },
        "loc": {
          "start": {
            "line": 35,
            "column": 11
          },
          "end": {
            "line": 37,
            "column": 5
          }
        },
        "line": 35
      },
      "7": {
        "name": "(anonymous_7)",
        "decl": {
          "start": {
            "line": 38,
            "column": 4
          },
          "end": {
            "line": 38,
            "column": 5
          }
        },
        "loc": {
          "start": {
            "line": 38,
            "column": 12
          },
          "end": {
            "line": 40,
            "column": 5
          }
        },
        "line": 38
      },
      "8": {
        "name": "(anonymous_8)",
        "decl": {
          "start": {
            "line": 41,
            "column": 4
          },
          "end": {
            "line": 41,
            "column": 5
          }
        },
        "loc": {
          "start": {
            "line": 41,
            "column": 19
          },
          "end": {
            "line": 43,
            "column": 5
          }
        },
        "line": 41
      },
      "9": {
        "name": "(anonymous_9)",
        "decl": {
          "start": {
            "line": 44,
            "column": 4
          },
          "end": {
            "line": 44,
            "column": 5
          }
        },
        "loc": {
          "start": {
            "line": 44,
            "column": 12
          },
          "end": {
            "line": 46,
            "column": 5
          }
        },
        "line": 44
      },
      "10": {
        "name": "(anonymous_10)",
        "decl": {
          "start": {
            "line": 47,
            "column": 4
          },
          "end": {
            "line": 47,
            "column": 5
          }
        },
        "loc": {
          "start": {
            "line": 47,
            "column": 15
          },
          "end": {
            "line": 49,
            "column": 5
          }
        },
        "line": 47
      },
      "11": {
        "name": "AppComponent_Factory",
        "decl": {
          "start": {
            "line": 51,
            "column": 29
          },
          "end": {
            "line": 51,
            "column": 49
          }
        },
        "loc": {
          "start": {
            "line": 51,
            "column": 53
          },
          "end": {
            "line": 51,
            "column": 90
          }
        },
        "line": 51
      },
      "12": {
        "name": "AppComponent_Template",
        "decl": {
          "start": {
            "line": 52,
            "column": 15506
          },
          "end": {
            "line": 52,
            "column": 15527
          }
        },
        "loc": {
          "start": {
            "line": 52,
            "column": 15537
          },
          "end": {
            "line": 344,
            "column": 7
          }
        },
        "line": 52
      },
      "13": {
        "name": "AppComponent_Template_div_click_57_listener",
        "decl": {
          "start": {
            "line": 158,
            "column": 40
          },
          "end": {
            "line": 158,
            "column": 83
          }
        },
        "loc": {
          "start": {
            "line": 158,
            "column": 86
          },
          "end": {
            "line": 158,
            "column": 176
          }
        },
        "line": 158
      },
      "14": {
        "name": "AppComponent_Template_div_click_62_listener",
        "decl": {
          "start": {
            "line": 169,
            "column": 40
          },
          "end": {
            "line": 169,
            "column": 83
          }
        },
        "loc": {
          "start": {
            "line": 169,
            "column": 86
          },
          "end": {
            "line": 169,
            "column": 175
          }
        },
        "line": 169
      },
      "15": {
        "name": "AppComponent_Template_div_click_67_listener",
        "decl": {
          "start": {
            "line": 180,
            "column": 40
          },
          "end": {
            "line": 180,
            "column": 83
          }
        },
        "loc": {
          "start": {
            "line": 180,
            "column": 86
          },
          "end": {
            "line": 180,
            "column": 177
          }
        },
        "line": 180
      },
      "16": {
        "name": "AppComponent_Template_div_click_72_listener",
        "decl": {
          "start": {
            "line": 191,
            "column": 40
          },
          "end": {
            "line": 191,
            "column": 83
          }
        },
        "loc": {
          "start": {
            "line": 191,
            "column": 86
          },
          "end": {
            "line": 191,
            "column": 171
          }
        },
        "line": 191
      },
      "17": {
        "name": "AppComponent_Template_div_click_77_listener",
        "decl": {
          "start": {
            "line": 202,
            "column": 40
          },
          "end": {
            "line": 202,
            "column": 83
          }
        },
        "loc": {
          "start": {
            "line": 202,
            "column": 86
          },
          "end": {
            "line": 202,
            "column": 172
          }
        },
        "line": 202
      },
      "18": {
        "name": "(anonymous_18)",
        "decl": {
          "start": {
            "line": 345,
            "column": 15
          },
          "end": {
            "line": 345,
            "column": 16
          }
        },
        "loc": {
          "start": {
            "line": 345,
            "column": 27
          },
          "end": {
            "line": 352,
            "column": 44
          }
        },
        "line": 345
      },
      "19": {
        "name": "(anonymous_19)",
        "decl": {
          "start": {
            "line": 352,
            "column": 8
          },
          "end": {
            "line": 352,
            "column": 9
          }
        },
        "loc": {
          "start": {
            "line": 352,
            "column": 20
          },
          "end": {
            "line": 352,
            "column": 34
          }
        },
        "line": 352
      }
    },
    "branchMap": {
      "0": {
        "loc": {
          "start": {
            "line": 4,
            "column": 49
          },
          "end": {
            "line": 8,
            "column": 1
          }
        },
        "type": "if",
        "locations": [
          {
            "start": {
              "line": 4,
              "column": 49
            },
            "end": {
              "line": 8,
              "column": 1
            }
          },
          {
            "start": {
              "line": 4,
              "column": 49
            },
            "end": {
              "line": 8,
              "column": 1
            }
          }
        ],
        "line": 4
      },
      "1": {
        "loc": {
          "start": {
            "line": 9,
            "column": 49
          },
          "end": {
            "line": 13,
            "column": 1
          }
        },
        "type": "if",
        "locations": [
          {
            "start": {
              "line": 9,
              "column": 49
            },
            "end": {
              "line": 13,
              "column": 1
            }
          },
          {
            "start": {
              "line": 9,
              "column": 49
            },
            "end": {
              "line": 13,
              "column": 1
            }
          }
        ],
        "line": 9
      },
      "2": {
        "loc": {
          "start": {
            "line": 14,
            "column": 49
          },
          "end": {
            "line": 18,
            "column": 1
          }
        },
        "type": "if",
        "locations": [
          {
            "start": {
              "line": 14,
              "column": 49
            },
            "end": {
              "line": 18,
              "column": 1
            }
          },
          {
            "start": {
              "line": 14,
              "column": 49
            },
            "end": {
              "line": 18,
              "column": 1
            }
          }
        ],
        "line": 14
      },
      "3": {
        "loc": {
          "start": {
            "line": 19,
            "column": 49
          },
          "end": {
            "line": 23,
            "column": 1
          }
        },
        "type": "if",
        "locations": [
          {
            "start": {
              "line": 19,
              "column": 49
            },
            "end": {
              "line": 23,
              "column": 1
            }
          },
          {
            "start": {
              "line": 19,
              "column": 49
            },
            "end": {
              "line": 23,
              "column": 1
            }
          }
        ],
        "line": 19
      },
      "4": {
        "loc": {
          "start": {
            "line": 24,
            "column": 49
          },
          "end": {
            "line": 28,
            "column": 1
          }
        },
        "type": "if",
        "locations": [
          {
            "start": {
              "line": 24,
              "column": 49
            },
            "end": {
              "line": 28,
              "column": 1
            }
          },
          {
            "start": {
              "line": 24,
              "column": 49
            },
            "end": {
              "line": 28,
              "column": 1
            }
          }
        ],
        "line": 24
      },
      "5": {
        "loc": {
          "start": {
            "line": 51,
            "column": 67
          },
          "end": {
            "line": 51,
            "column": 84
          }
        },
        "type": "binary-expr",
        "locations": [
          {
            "start": {
              "line": 51,
              "column": 67
            },
            "end": {
              "line": 51,
              "column": 68
            }
          },
          {
            "start": {
              "line": 51,
              "column": 72
            },
            "end": {
              "line": 51,
              "column": 84
            }
          }
        ],
        "line": 51
      },
      "6": {
        "loc": {
          "start": {
            "line": 52,
            "column": 15539
          },
          "end": {
            "line": 330,
            "column": 5
          }
        },
        "type": "if",
        "locations": [
          {
            "start": {
              "line": 52,
              "column": 15539
            },
            "end": {
              "line": 330,
              "column": 5
            }
          },
          {
            "start": {
              "line": 52,
              "column": 15539
            },
            "end": {
              "line": 330,
              "column": 5
            }
          }
        ],
        "line": 52
      },
      "7": {
        "loc": {
          "start": {
            "line": 330,
            "column": 6
          },
          "end": {
            "line": 344,
            "column": 5
          }
        },
        "type": "if",
        "locations": [
          {
            "start": {
              "line": 330,
              "column": 6
            },
            "end": {
              "line": 344,
              "column": 5
            }
          },
          {
            "start": {
              "line": 330,
              "column": 6
            },
            "end": {
              "line": 344,
              "column": 5
            }
          }
        ],
        "line": 330
      }
    },
    "s": {
      "0": 5,
      "1": 1,
      "2": 1,
      "3": 1,
      "4": 0,
      "5": 0,
      "6": 0,
      "7": 0,
      "8": 0,
      "9": 0,
      "10": 0,
      "11": 0,
      "12": 0,
      "13": 0,
      "14": 0,
      "15": 0,
      "16": 0,
      "17": 0,
      "18": 0,
      "19": 0,
      "20": 1,
      "21": 1,
      "22": 1,
      "23": 1,
      "24": 0,
      "25": 1,
      "26": 0,
      "27": 0,
      "28": 1,
      "29": 1,
      "30": 1,
      "31": 5,
      "32": 1,
      "33": 1,
      "34": 1,
      "35": 1,
      "36": 1,
      "37": 1,
      "38": 1,
      "39": 1,
      "40": 1,
      "41": 1,
      "42": 1,
      "43": 1,
      "44": 1,
      "45": 1,
      "46": 1,
      "47": 1,
      "48": 1,
      "49": 1,
      "50": 1,
      "51": 1,
      "52": 1,
      "53": 1,
      "54": 1,
      "55": 1,
      "56": 1,
      "57": 1,
[...]
ath_23\" data-name=\"Path 23\" d=\"M2709.331,393.688l.4.416,2.265-2.28-2.294-2.294-.4.4,1.893,1.893Z\" transform=\"translate(-2702.289 -380.631)\" fill=\"#fff\"/>\r\n          <rect id=\"Rectangle_12\" data-name=\"Rectangle 12\" width=\"3.517\" height=\"0.469\" transform=\"translate(9.709 13.744)\" fill=\"#fff\"/>\r\n        </g>\r\n      </svg>\r\n    </a>\r\n\r\n    <a class=\"circle-link\" title=\"Augury\" href=\"https://augury.rangle.io/\" target=\"_blank\" rel=\"noopener\">\r\n      <svg alt=\"Angular Augury Logo\" xmlns=\"http://www.w3.org/2000/svg\" xmlns:xlink=\"http://www.w3.org/1999/xlink\" width=\"21.81\" height=\"23.447\" viewBox=\"0 0 21.81 23.447\">\r\n        <defs>\r\n          <clipPath id=\"clip-path\">\r\n            <rect id=\"Rectangle_13\" data-name=\"Rectangle 13\" width=\"10.338\" height=\"10.27\" fill=\"none\"/>\r\n          </clipPath>\r\n        </defs>\r\n        <g id=\"Group_25\" data-name=\"Group 25\" transform=\"translate(0)\">\r\n          <path id=\"Path_24\" data-name=\"Path 24\" d=\"M3780.155,311.417h0l-10.881,3.9,1.637,14.4,9.244,5.152,9.244-5.152,1.685-14.4Z\" transform=\"translate(-3769.274 -311.417)\" fill=\"#4a3493\"/>\r\n          <path id=\"Path_25\" data-name=\"Path 25\" d=\"M3862.088,311.417v23.447l9.244-5.152,1.685-14.4Z\" transform=\"translate(-3851.207 -311.417)\" fill=\"#311b92\"/>\r\n          <g id=\"Group_24\" data-name=\"Group 24\" transform=\"translate(6.194 6.73)\" opacity=\"0.5\">\r\n            <g id=\"Group_23\" data-name=\"Group 23\" transform=\"translate(0 0)\">\r\n              <g id=\"Group_22\" data-name=\"Group 22\" clip-path=\"url(#clip-path)\">\r\n                <path id=\"Path_26\" data-name=\"Path 26\" d=\"M3832.4,373.252a5.168,5.168,0,1,1-5.828-4.383,5.216,5.216,0,0,1,2.574.3,3.017,3.017,0,1,0,3.252,4.086Z\" transform=\"translate(-3822.107 -368.821)\" fill=\"#fff\"/>\r\n              </g>\r\n            </g>\r\n          </g>\r\n          <path id=\"Path_27\" data-name=\"Path 27\" d=\"M3830.582,370.848a5.162,5.162,0,1,1-3.254-4.086,3.017,3.017,0,1,0,3.252,4.086Z\" transform=\"translate(-3814.311 -359.969)\" fill=\"#fff\"/>\r\n        </g>\r\n      </svg>\r\n    </a>\r\n\r\n    <a class=\"circle-link\" title=\"Protractor\" href=\"https://www.protractortest.org/\" target=\"_blank\" rel=\"noopener\">\r\n      <svg alt=\"Angular Protractor Logo\" xmlns=\"http://www.w3.org/2000/svg\" width=\"21.81\" height=\"23.447\" viewBox=\"0 0 21.81 23.447\">\r\n        <g id=\"Group_26\" data-name=\"Group 26\" transform=\"translate(0)\">\r\n          <path id=\"Path_28\" data-name=\"Path 28\" d=\"M4620.155,311.417h0l-10.881,3.9,1.637,14.4,9.244,5.152,9.244-5.152,1.685-14.4Z\" transform=\"translate(-4609.274 -311.417)\" fill=\"#e13439\"/>\r\n          <path id=\"Path_29\" data-name=\"Path 29\" d=\"M4702.088,311.417v23.447l9.244-5.152,1.685-14.4Z\" transform=\"translate(-4691.207 -311.417)\" fill=\"#b52f32\"/>\r\n          <path id=\"Path_30\" data-name=\"Path 30\" d=\"M4651.044,369.58v-.421h1.483a7.6,7.6,0,0,0-2.106-5.052l-1.123,1.123-.3-.3,1.122-1.121a7.588,7.588,0,0,0-4.946-2.055v1.482h-.421v-1.485a7.589,7.589,0,0,0-5.051,2.058l1.122,1.121-.3.3-1.123-1.123a7.591,7.591,0,0,0-2.106,5.052h1.482v.421h-1.489v1.734h15.241V369.58Zm-10.966-.263a4.835,4.835,0,0,1,9.67,0Z\" transform=\"translate(-4634.008 -355.852)\" fill=\"#fff\"/>\r\n        </g>\r\n      </svg>\r\n    </a>\r\n\r\n    <a class=\"circle-link\" title=\"Find a Local Meetup\" href=\"https://www.meetup.com/find/?keywords=angular\" target=\"_blank\" rel=\"noopener\">\r\n      <svg alt=\"Meetup Logo\" xmlns=\"http://www.w3.org/2000/svg\" width=\"24.607\" height=\"23.447\" viewBox=\"0 0 24.607 23.447\">\r\n        <path id=\"logo--mSwarm\" d=\"M21.221,14.95A4.393,4.393,0,0,1,17.6,19.281a4.452,4.452,0,0,1-.8.069c-.09,0-.125.035-.154.117a2.939,2.939,0,0,1-2.506,2.091,2.868,2.868,0,0,1-2.248-.624.168.168,0,0,0-.245-.005,3.926,3.926,0,0,1-2.589.741,4.015,4.015,0,0,1-3.7-3.347,2.7,2.7,0,0,1-.043-.38c0-.106-.042-.146-.143-.166a3.524,3.524,0,0,1-1.516-.69A3.623,3.623,0,0,1,2.23,14.557a3.66,3.66,0,0,1,1.077-3.085.138.138,0,0,0,.026-.2,3.348,3.348,0,0,1-.451-1.821,3.46,3.46,0,0,1,2.749-3.28.44.44,0,0,0,.355-.281,5.072,5.072,0,0,1,3.863-3,5.028,5.028,0,0,1,3.555.666.31.31,0,0,0,.271.03A4.5,4.5,0,0,1,18.3,4.7a4.4,4.4,0,0,1,1.334,2.751,3.658,3.658,0,0,1,.022.706.131.131,0,0,0,.1.157,2.432,2.432,0,0,1,1.574,1.645,2.464,2.464,0,0,1-.7,2.616c-.065.064-.051.1-.014.166A4.321,4.321,0,0,1,21.221,14.95ZM13.4,14.607a2.09,2.09,0,0,0,1.409,1.982,4.7,4.7,0,0,0,1.275.221,1.807,1.807,0,0,0,.9-.151.542.542,0,0,0,.321-.545.558.558,0,0,0-.359-.534,1.2,1.2,0,0,0-.254-.078c-.262-.047-.526-.086-.787-.138a.674.674,0,0,1-.617-.75,3.394,3.394,0,0,1,.218-1.109c.217-.658.509-1.286.79-1.918a15.609,15.609,0,0,0,.745-1.86,1.95,1.95,0,0,0,.06-1.073,1.286,1.286,0,0,0-1.051-1.033,1.977,1.977,0,0,0-1.521.2.339.339,0,0,1-.446-.042c-.1-.092-.2-.189-.307-.284a1.214,1.214,0,0,0-1.643-.061,7.563,7.563,0,0,1-.614.512A.588.588,0,0,1,10.883,8c-.215-.115-.437-.215-.659-.316a2.153,2.153,0,0,0-.695-.248A2.091,2.091,0,0,0,7.541,8.562a9.915,9.915,0,0,0-.405.986c-.559,1.545-1.015,3.123-1.487,4.7a1.528,1.528,0,0,0,.634,1.777,1.755,1.755,0,0,0,1.5.211,1.35,1.35,0,0,0,.824-.858c.543-1.281,1.032-2.584,1.55-3.875.142-.355.28-.712.432-1.064a.548.548,0,0,1,.851-.24.622.622,0,0,1,.185.539,2.161,2.161,0,0,1-.181.621c-.337.852-.68,1.7-1.018,2.552a2.564,2.564,0,0,0-.173.528.624.624,0,0,0,.333.71,1.073,1.073,0,0,0,.814.034,1.22,1.22,0,0,0,.657-.655q.758-1.488,1.511-2.978.35-.687.709-1.37a1.073,1.073,0,0,1,.357-.434.43.43,0,0,1,.463-.016.373.373,0,0,1,.153.387.7.7,0,0,1-.057.236c-.065.157-.127.316-.2.469-.42.883-.846,1.763-1.262,2.648A2.463,2.463,0,0,0,13.4,14.607Zm5.888,6.508a1.09,1.09,0,0,0-2.179.006,1.09,1.09,0,0,0,2.179-.006ZM1.028,12.139a1.038,1.038,0,1,0,.01-2.075,1.038,1.038,0,0,0-.01,2.075ZM13.782.528a1.027,1.027,0,1,0-.011,2.055A1.027,1.027,0,0,0,13.782.528ZM22.21,6.95a.882.882,0,0,0-1.763.011A.882.882,0,0,0,22.21,6.95ZM4.153,4.439a.785.785,0,1,0,.787-.78A.766.766,0,0,0,4.153,4.439Zm8.221,18.22a.676.676,0,1,0-.677.666A.671.671,0,0,0,12.374,22.658ZM22.872,12.2a.674.674,0,0,0-.665.665.656.656,0,0,0,.655.643.634.634,0,0,0,.655-.644A.654.654,0,0,0,22.872,12.2ZM7.171-.123A.546.546,0,0,0,6.613.43a.553.553,0,1,0,1.106,0A.539.539,0,0,0,7.171-.123ZM24.119,9.234a.507.507,0,0,0-.493.488.494.494,0,0,0,.494.494.48.48,0,0,0,.487-.483A.491.491,0,0,0,24.119,9.234Zm-19.454,9.7a.5.5,0,0,0-.488-.488.491.491,0,0,0-.487.5.483.483,0,0,0,.491.479A.49.49,0,0,0,4.665,18.936Z\" transform=\"translate(0 0.123)\" fill=\"#f64060\"/>\r\n      </svg>\r\n    </a>\r\n\r\n    <a class=\"circle-link\" title=\"Join the Conversation on Gitter\" href=\"https://gitter.im/angular/angular\" target=\"_blank\" rel=\"noopener\">\r\n      <svg alt=\"Gitter Logo\" xmlns=\"http://www.w3.org/2000/svg\" width=\"19.447\" height=\"19.447\" viewBox=\"0 0 19.447 19.447\">\r\n        <g id=\"Group_40\" data-name=\"Group 40\" transform=\"translate(-1612 -405)\">\r\n          <rect id=\"Rectangle_19\" data-name=\"Rectangle 19\" width=\"19.447\" height=\"19.447\" transform=\"translate(1612 405)\" fill=\"#e60257\"/>\r\n          <g id=\"gitter\" transform=\"translate(1617.795 408.636)\">\r\n            <g id=\"Group_33\" data-name=\"Group 33\" transform=\"translate(0 0)\">\r\n              <rect id=\"Rectangle_15\" data-name=\"Rectangle 15\" width=\"1.04\" height=\"9.601\" transform=\"translate(2.304 2.324)\" fill=\"#fff\"/>\r\n              <rect id=\"Rectangle_16\" data-name=\"Rectangle 16\" width=\"1.04\" height=\"9.601\" transform=\"translate(4.607 2.324)\" fill=\"#fff\"/>\r\n              <rect id=\"Rectangle_17\" data-name=\"Rectangle 17\" width=\"1.04\" height=\"4.648\" transform=\"translate(6.91 2.324)\" fill=\"#fff\"/>\r\n              <rect id=\"Rectangle_18\" data-name=\"Rectangle 18\" width=\"1.04\" height=\"6.971\" transform=\"translate(0 0)\" fill=\"#fff\"/>\r\n            </g>\r\n          </g>\r\n        </g>\r\n      </svg>\r\n    </a>\r\n  </div>\r\n\r\n  <!-- Footer -->\r\n  <footer>\r\n      Love Angular?&nbsp;\r\n      <a href=\"https://github.com/angular/angular\" target=\"_blank\" rel=\"noopener\"> Give our repo a star.\r\n        <div class=\"github-star-badge\">\r\n            <svg class=\"material-icons\" xmlns=\"http://www.w3.org/2000/svg\" width=\"24\" height=\"24\" viewBox=\"0 0 24 24\"><path d=\"M0 0h24v24H0z\" fill=\"none\"/><path d=\"M12 17.27L18.18 21l-1.64-7.03L22 9.24l-7.19-.61L12 2 9.19 8.63 2 9.24l5.46 4.73L5.82 21z\"/></svg>\r\n          Star\r\n        </div>\r\n      </a>\r\n      <a href=\"https://github.com/angular/angular\" target=\"_blank\" rel=\"noopener\">\r\n        <svg class=\"material-icons\" xmlns=\"http://www.w3.org/2000/svg\" width=\"24\" height=\"24\" viewBox=\"0 0 24 24\"><path d=\"M10 6L8.59 7.41 13.17 12l-4.58 4.59L10 18l6-6z\" fill=\"#1976d2\"/><path d=\"M0 0h24v24H0z\" fill=\"none\"/></svg>\r\n      </a>\r\n  </footer>\r\n\r\n  <svg id=\"clouds\" alt=\"Gray Clouds Background\" xmlns=\"http://www.w3.org/2000/svg\" width=\"2611.084\" height=\"485.677\" viewBox=\"0 0 2611.084 485.677\">\r\n    <path id=\"Path_39\" data-name=\"Path 39\" d=\"M2379.709,863.793c10-93-77-171-168-149-52-114-225-105-264,15-75,3-140,59-152,133-30,2.83-66.725,9.829-93.5,26.25-26.771-16.421-63.5-23.42-93.5-26.25-12-74-77-130-152-133-39-120-212-129-264-15-54.084-13.075-106.753,9.173-138.488,48.9-31.734-39.726-84.4-61.974-138.487-48.9-52-114-225-105-264,15a162.027,162.027,0,0,0-103.147,43.044c-30.633-45.365-87.1-72.091-145.206-58.044-52-114-225-105-264,15-75,3-140,59-152,133-53,5-127,23-130,83-2,42,35,72,70,86,49,20,106,18,157,5a165.625,165.625,0,0,0,120,0c47,94,178,113,251,33,61.112,8.015,113.854-5.72,150.492-29.764a165.62,165.62,0,0,0,110.861-3.236c47,94,178,113,251,33,31.385,4.116,60.563,2.495,86.487-3.311,25.924,5.806,55.1,7.427,86.488,3.311,73,80,204,61,251-33a165.625,165.625,0,0,0,120,0c51,13,108,15,157-5a147.188,147.188,0,0,0,33.5-18.694,147.217,147.217,0,0,0,33.5,18.694c49,20,106,18,157,5a165.625,165.625,0,0,0,120,0c47,94,178,113,251,33C2446.709,1093.793,2554.709,922.793,2379.709,863.793Z\" transform=\"translate(142.69 -634.312)\" fill=\"#eee\"/>\r\n  </svg>\r\n\r\n</div>\r\n\r\n<!-- * * * * * * * * * * * * * * * * * * * * * * * * * * * * * * * -->\r\n<!-- * * * * * * * * * * * The content above * * * * * * * * * * * -->\r\n<!-- * * * * * * * * * * is only a placeholder * * * * * * * * * * -->\r\n<!-- * * * * * * * * * * and can be replaced. * * * * * * * * * * * -->\r\n<!-- * * * * * * * * * * * * * * * * * * * * * * * * * * * * * * * -->\r\n<!-- * * * * * * * * * * End of Placeholder * * * * * * * * * * * -->\r\n<!-- * * * * * * * * * * * * * * * * * * * * * * * * * * * * * * * -->\r\n\r\n\r\n"
      ]
    },
    "_coverageSchema": "332fd63041d2c1bcb487cc26dd0d5f7d97098a6c",
    "hash": "d5c5ad848cb1968cde5f9c600cff8d24b492f0e4"
  },
  "D:\\svn\\ang-cy-cov-example\\src\\app\\app.module.ts": {
    "path": "D:\\svn\\ang-cy-cov-example\\src\\app\\app.module.ts",
    "statementMap": {
      "0": {
        "start": {
          "line": 8,
          "column": 0
        },
        "end": {
          "line": 8,
          "column": 85
        }
      },
      "1": {
        "start": {
          "line": 9,
          "column": 0
        },
        "end": {
          "line": 11,
          "column": 14
        }
      },
      "2": {
        "start": {
          "line": 9,
          "column": 80
        },
        "end": {
          "line": 9,
          "column": 110
        }
      },
      "3": {
        "start": {
          "line": 12,
          "column": 0
        },
        "end": {
          "line": 12,
          "column": 180
        }
      },
      "4": {
        "start": {
          "line": 12,
          "column": 15
        },
        "end": {
          "line": 12,
          "column": 174
        }
      },
      "5": {
        "start": {
          "line": 13,
          "column": 14
        },
        "end": {
          "line": 25,
          "column": 26
        }
      },
      "6": {
        "start": {
          "line": 13,
          "column": 29
        },
        "end": {
          "line": 25,
          "column": 20
        }
      }
    },
    "fnMap": {
      "0": {
        "name": "AppModule_Factory",
        "decl": {
          "start": {
            "line": 9,
            "column": 57
          },
          "end": {
            "line": 9,
            "column": 74
          }
        },
        "loc": {
          "start": {
            "line": 9,
            "column": 78
          },
          "end": {
            "line": 9,
            "column": 112
          }
        },
        "line": 9
      },
      "1": {
        "name": "(anonymous_1)",
        "decl": {
          "start": {
            "line": 12,
            "column": 1
          },
          "end": {
            "line": 12,
            "column": 2
          }
        },
        "loc": {
          "start": {
            "line": 12,
            "column": 13
          },
          "end": {
            "line": 12,
            "column": 176
          }
        },
        "line": 12
      },
      "2": {
        "name": "(anonymous_2)",
        "decl": {
          "start": {
            "line": 13,
            "column": 15
          },
          "end": {
            "line": 13,
            "column": 16
          }
        },
        "loc": {
          "start": {
            "line": 13,
            "column": 27
          },
          "end": {
            "line": 25,
            "column": 22
          }
        },
        "line": 13
      }
    },
    "branchMap": {
      "0": {
        "loc": {
          "start": {
            "line": 9,
            "column": 92
          },
          "end": {
            "line": 9,
            "column": 106
          }
        },
        "type": "binary-expr",
        "locations": [
          {
            "start": {
              "line": 9,
              "column": 92
            },
            "end": {
              "line": 9,
              "column": 93
            }
          },
          {
            "start": {
              "line": 9,
              "column": 97
            },
            "end": {
              "line": 9,
              "column": 106
            }
          }
        ],
        "line": 9
      },
      "1": {
        "loc": {
          "start": {
            "line": 12,
            "column": 15
          },
          "end": {
            "line": 12,
            "column": 173
          }
        },
        "type": "binary-expr",
        "locations": [
          {
            "start": {
              "line": 12,
              "column": 16
            },
            "end": {
              "line": 12,
              "column": 48
            }
          },
          {
            "start": {
              "line": 12,
              "column": 52
            },
            "end": {
              "line": 12,
              "column": 61
            }
          },
          {
            "start": {
              "line": 12,
              "column": 66
            },
            "end": {
              "line": 12,
              "column": 173
            }
          }
        ],
        "line": 12
      }
    },
    "s": {
      "0": 1,
      "1": 1,
      "2": 1,
      "3": 1,
      "4": 1,
      "5": 1,
      "6": 1
    },
    "f": {
      "0": 1,
      "1": 1,
      "2": 1
    },
    "b": {
      "0": [
        1,
        1
      ],
      "1": [
        1,
        0,
        1
      ]
    },
    "inputSourceMap": {
      "version": 3,
      "file": "app.module.js",
      "sourceRoot": "",
      "sources": [
        "D:\\svn\\ang-cy-cov-example\\src\\app\\app.module.ts"
      ],
      "names": [],
      "mappings": "AAAA,OAAO,EAAE,aAAa,EAAE,MAAM,2BAA2B,CAAC;AAC1D,OAAO,EAAE,QAAQ,EAAE,MAAM,eAAe,CAAC;AAEzC,OAAO,EAAE,YAAY,EAAE,MAAM,iBAAiB,CAAC;AAC/C,OAAO,EAAE,aAAa,EAAE,MAAM,sBAAsB,CAAC;;AAYrD,MAAM,OAAO,SAAS;;6CAAT,SAAS,cAFR,YAAY;iGAEb,SAAS,mBAHT,EAAE,YAHJ;YACP,aAAa;SACd;wFAIU,SAAS,mBARlB,YAAY,EAAC,aAAa,aAG1B,aAAa;kDAKJ,SAAS;cAVrB,QAAQ;eAAC;gBACR,YAAY,EAAE;oBACZ,YAAY,EAAC,aAAa;iBAC3B;gBACD,OAAO,EAAE;oBACP,aAAa;iBACd;gBACD,SAAS,EAAE,EAAE;gBACb,SAAS,EAAE,CAAC,YAAY,CAAC;aAC1B",
      "sourcesContent": [
        "import { BrowserModule } from '@angular/platform-browser';\r\nimport { NgModule } from '@angular/core';\r\n\r\nimport { AppComponent } from './app.component';\r\nimport { AppComponent2 } from './app.component copy';\r\n\r\n@NgModule({\r\n  declarations: [\r\n    AppComponent,AppComponent2\r\n  ],\r\n  imports: [\r\n    BrowserModule\r\n  ],\r\n  providers: [],\r\n  bootstrap: [AppComponent]\r\n})\r\nexport class AppModule { }\r\n"
      ]
    },
    "_coverageSchema": "332fd63041d2c1bcb487cc26dd0d5f7d97098a6c",
    "hash": "f9268aa3ac7f24967553448d270fd41deee9bed5"
  },
  "D:\\svn\\ang-cy-cov-example\\src\\main.ts": {
    "path": "D:\\svn\\ang-cy-cov-example\\src\\main.ts",
    "statementMap": {
      "0": {
        "start": {
          "line": 5,
          "column": 0
        },
        "end": {
          "line": 7,
          "column": 1
        }
      },
      "1": {
        "start": {
          "line": 6,
          "column": 4
        },
        "end": {
          "line": 6,
          "column": 21
        }
      },
      "2": {
        "start": {
          "line": 8,
          "column": 0
        },
        "end": {
          "line": 9,
          "column": 38
        }
      },
      "3": {
        "start": {
          "line": 9,
          "column": 18
        },
        "end": {
          "line": 9,
          "column": 36
        }
      }
    },
    "fnMap": {
      "0": {
        "name": "(anonymous_0)",
        "decl": {
          "start": {
            "line": 9,
            "column": 11
          },
          "end": {
            "line": 9,
            "column": 12
          }
        },
        "loc": {
          "start": {
            "line": 9,
            "column": 18
          },
          "end": {
            "line": 9,
            "column": 36
          }
        },
        "line": 9
      }
    },
    "branchMap": {
      "0": {
        "loc": {
          "start": {
            "line": 5,
            "column": 0
          },
          "end": {
            "line": 7,
            "column": 1
          }
        },
        "type": "if",
        "locations": [
          {
            "start": {
              "line": 5,
              "column": 0
            },
            "end": {
              "line": 7,
              "column": 1
            }
          },
          {
            "start": {
              "line": 5,
              "column": 0
            },
            "end": {
              "line": 7,
              "column": 1
            }
          }
        ],
        "line": 5
      }
    },
    "s": {
      "0": 1,
      "1": 0,
      "2": 1,
      "3": 0
    },
    "f": {
      "0": 0
    },
    "b": {
      "0": [
        0,
        1
      ]
    },
    "inputSourceMap": {
      "version": 3,
      "file": "main.js",
      "sourceRoot": "",
      "sources": [
        "D:\\svn\\ang-cy-cov-example\\src\\main.ts"
      ],
      "names": [],
      "mappings": "AAAA,OAAO,EAAE,cAAc,EAAE,MAAM,eAAe,CAAC;AAI/C,OAAO,EAAE,WAAW,EAAE,MAAM,4BAA4B,CAAC;;;AAEzD,IAAI,WAAW,CAAC,UAAU,EAAE;IAC1B,cAAc,EAAE,CAAC;CAClB;AAED,qCAAwB,gBAAgB,+BAAW;KAChD,KAAK,CAAC,GAAG,CAAC,EAAE,CAAC,OAAO,CAAC,KAAK,CAAC,GAAG,CAAC,CAAC,CAAC",
      "sourcesContent": [
        "import { enableProdMode } from '@angular/core';\r\nimport { platformBrowserDynamic } from '@angular/platform-browser-dynamic';\r\n\r\nimport { AppModule } from './app/app.module';\r\nimport { environment } from './environments/environment';\r\n\r\nif (environment.production) {\r\n  enableProdMode();\r\n}\r\n\r\nplatformBrowserDynamic().bootstrapModule(AppModule)\r\n  .catch(err => console.error(err));\r\n"
      ]
    },
    "_coverageSchema": "332fd63041d2c1bcb487cc26dd0d5f7d97098a6c",
    "hash": "b0ec53ba1682903a22ec6d860fc04fbc88029b66"
  }
}